<?xml version="1.0" encoding="UTF-8"?>
<!-- Generated by org.testng.reporters.JUnitXMLReporter -->
<testsuite ignored="0" hostname="Ban" failures="0" tests="2" name="Default test" time="16.713" errors="0" timestamp="23 Jun 2025 00:37:14 GMT">
  <testcase classname="JDBCseleniumandrestassured.JDBCSeleniumAndRestAssured" name="DBwithRestAssured" time="2.053"/>
  <testcase classname="JDBCseleniumandrestassured.JDBCSeleniumAndRestAssured" name="logIn" time="14.639"/>
</testsuite> <!-- Default test -->
