<?xml version="1.0" encoding="UTF-8"?>
<!-- Generated by org.testng.reporters.JUnitXMLReporter -->
<testsuite ignored="0" hostname="Ban" failures="0" tests="2" name="Default test" time="19.718" errors="0" timestamp="24 Jun 2025 01:45:18 GMT">
  <testcase classname="JDBCseleniumandrestassured.JDBCSeleniumAndRestAssured" name="DBwithRestAssured" time="2.775"/>
  <testcase classname="JDBCseleniumandrestassured.JDBCSeleniumAndRestAssured" name="logIn" time="16.915"/>
</testsuite> <!-- Default test -->
